<?xml version="1.0" encoding="UTF-8"?>
<root xmlns="http://www.gearbox.org/schema/xml" xmlns:xsi="http://www.w3.org/2001/XMLSchema-instance" xsi:schemaLocation="http://www.gearbox.org/schema/xml test.xsd">

	<element>Xml test</element>
	<element>Invalid against schema. Only one element allowed</element>

</root>